Logfile initialized
[INFO] logfile = /Users/kokucy/Documents/Titanium_Studio_Workspace/template/build.log
[INFO] logfile = /Users/kokucy/Documents/Titanium_Studio_Workspace/template/build.log
[DEBUG] /Users/kokucy/Library/Application Support/Titanium/mobilesdk/osx/3.1.2.GA/android/builder.py simulator template /Users/kokucy/Developer/android/sdk /Users/kokucy/Documents/Titanium_Studio_Workspace/template com.example.template 4 WVGA854
[DEBUG] /Users/kokucy/Library/Application Support/Titanium/mobilesdk/osx/3.1.2.GA/android/builder.py emulator template /Users/kokucy/Developer/android/sdk /Users/kokucy/Documents/Titanium_Studio_Workspace/template com.example.template 4 WVGA854 armeabi
[INFO] Launching Android emulator...one moment
[DEBUG] From: /Users/kokucy/Developer/android/sdk/tools/emulator
[DEBUG] SDCard: /Users/kokucy/.titanium/android2.sdcard
[DEBUG] AVD ID: 4
[DEBUG] AVD Skin: WVGA854
[DEBUG] AVD ABI: armeabi
[DEBUG] SDK: /Users/kokucy/Developer/android/sdk
[INFO] Emulator is running.
[INFO] Building template for Android ... one moment
[INFO] Titanium SDK version: 3.1.2 (08/14/13 12:45 5ceaff8)
[DEBUG] Waiting for device to be ready ...
[TRACE] adb devices returned 1 devices/emulators
[DEBUG] Device connected... (waited 0 seconds)
[DEBUG] waited 0.019999 seconds on emulator to get ready
[DEBUG] com.example.template installed? True
[INFO] Copying CommonJS modules...
[INFO] Copying project resources..
[INFO] Detected change in tiapp.xml, or assets deleted. Forcing full re-build...
[TRACE] COPYING CREATED FILE: /Users/kokucy/Documents/Titanium_Studio_Workspace/template/Resources/android/appicon.png => /Users/kokucy/Documents/Titanium_Studio_Workspace/template/build/android/bin/assets/Resources/appicon.png
[TRACE] COPYING CREATED FILE: /Users/kokucy/Documents/Titanium_Studio_Workspace/template/Resources/android/default.png => /Users/kokucy/Documents/Titanium_Studio_Workspace/template/build/android/bin/assets/Resources/default.png
[TRACE] COPYING CREATED FILE: /Users/kokucy/Documents/Titanium_Studio_Workspace/template/Resources/app.js => /Users/kokucy/Documents/Titanium_Studio_Workspace/template/build/android/bin/assets/Resources/app.js
[TRACE] COPYING CREATED FILE: /Users/kokucy/Documents/Titanium_Studio_Workspace/template/Resources/KS_nav_ui.png => /Users/kokucy/Documents/Titanium_Studio_Workspace/template/build/android/bin/assets/Resources/KS_nav_ui.png
[TRACE] COPYING CREATED FILE: /Users/kokucy/Documents/Titanium_Studio_Workspace/template/Resources/KS_nav_views.png => /Users/kokucy/Documents/Titanium_Studio_Workspace/template/build/android/bin/assets/Resources/KS_nav_views.png
[TRACE] COPYING CREATED FILE: /Users/kokucy/Documents/Titanium_Studio_Workspace/template/Resources/myapp/images/photo01.jpg => /Users/kokucy/Documents/Titanium_Studio_Workspace/template/build/android/bin/assets/Resources/myapp/images/photo01.jpg
[TRACE] COPYING CREATED FILE: /Users/kokucy/Documents/Titanium_Studio_Workspace/template/Resources/myapp/images/photo02.jpg => /Users/kokucy/Documents/Titanium_Studio_Workspace/template/build/android/bin/assets/Resources/myapp/images/photo02.jpg
[TRACE] COPYING CREATED FILE: /Users/kokucy/Documents/Titanium_Studio_Workspace/template/Resources/myapp/images/photo03.jpg => /Users/kokucy/Documents/Titanium_Studio_Workspace/template/build/android/bin/assets/Resources/myapp/images/photo03.jpg
[TRACE] COPYING CREATED FILE: /Users/kokucy/Documents/Titanium_Studio_Workspace/template/Resources/myapp/ui/row1.js => /Users/kokucy/Documents/Titanium_Studio_Workspace/template/build/android/bin/assets/Resources/myapp/ui/row1.js
[TRACE] COPYING CREATED FILE: /Users/kokucy/Documents/Titanium_Studio_Workspace/template/Resources/myapp/ui/row2.js => /Users/kokucy/Documents/Titanium_Studio_Workspace/template/build/android/bin/assets/Resources/myapp/ui/row2.js
[TRACE] COPYING CREATED FILE: /Users/kokucy/Documents/Titanium_Studio_Workspace/template/Resources/myapp/ui/row3.js => /Users/kokucy/Documents/Titanium_Studio_Workspace/template/build/android/bin/assets/Resources/myapp/ui/row3.js
[TRACE] COPYING CREATED FILE: /Users/kokucy/Documents/Titanium_Studio_Workspace/template/Resources/myapp/ui/ui.js => /Users/kokucy/Documents/Titanium_Studio_Workspace/template/build/android/bin/assets/Resources/myapp/ui/ui.js
[TRACE] COPYING CREATED FILE: /Users/kokucy/Documents/Titanium_Studio_Workspace/template/Resources/property.js => /Users/kokucy/Documents/Titanium_Studio_Workspace/template/build/android/bin/assets/Resources/property.js
[TRACE] COPYING CREATED FILE: /Users/kokucy/Documents/Titanium_Studio_Workspace/template/Resources/win1.js => /Users/kokucy/Documents/Titanium_Studio_Workspace/template/build/android/bin/assets/Resources/win1.js
[TRACE] COPYING CREATED FILE: /Users/kokucy/Documents/Titanium_Studio_Workspace/template/Resources/win2.js => /Users/kokucy/Documents/Titanium_Studio_Workspace/template/build/android/bin/assets/Resources/win2.js
[TRACE] COPYING CREATED FILE: /Users/kokucy/Documents/Titanium_Studio_Workspace/template/Resources/win3.js => /Users/kokucy/Documents/Titanium_Studio_Workspace/template/build/android/bin/assets/Resources/win3.js
[DEBUG] LiveView not enabled
[TRACE] Generating Java Classes
[DEBUG] Processing Android resource drawables
[DEBUG] app stylesheet => /Users/kokucy/Documents/Titanium_Studio_Workspace/template/build/android/gen/com/example/template/ApplicationStylesheet.java
[DEBUG] copying app icon: /Users/kokucy/Documents/Titanium_Studio_Workspace/template/build/android/bin/assets/Resources/appicon.png
[DEBUG] generating theme.xml
[DEBUG] found drawable-long-land-hdpi splash screen at /Users/kokucy/Documents/Titanium_Studio_Workspace/template/Resources/android/images/res-long-land-hdpi/default.png
[DEBUG] copying /Users/kokucy/Documents/Titanium_Studio_Workspace/template/Resources/android/images/res-long-land-hdpi/default.png splash screen to /Users/kokucy/Documents/Titanium_Studio_Workspace/template/build/android/res/drawable-long-land-hdpi/background.png
[DEBUG] found drawable-long-land-ldpi splash screen at /Users/kokucy/Documents/Titanium_Studio_Workspace/template/Resources/android/images/res-long-land-ldpi/default.png
[DEBUG] copying /Users/kokucy/Documents/Titanium_Studio_Workspace/template/Resources/android/images/res-long-land-ldpi/default.png splash screen to /Users/kokucy/Documents/Titanium_Studio_Workspace/template/build/android/res/drawable-long-land-ldpi/background.png
[DEBUG] found drawable-long-port-hdpi splash screen at /Users/kokucy/Documents/Titanium_Studio_Workspace/template/Resources/android/images/res-long-port-hdpi/default.png
[DEBUG] copying /Users/kokucy/Documents/Titanium_Studio_Workspace/template/Resources/android/images/res-long-port-hdpi/default.png splash screen to /Users/kokucy/Documents/Titanium_Studio_Workspace/template/build/android/res/drawable-long-port-hdpi/background.png
[DEBUG] found drawable-long-port-ldpi splash screen at /Users/kokucy/Documents/Titanium_Studio_Workspace/template/Resources/android/images/res-long-port-ldpi/default.png
[DEBUG] copying /Users/kokucy/Documents/Titanium_Studio_Workspace/template/Resources/android/images/res-long-port-ldpi/default.png splash screen to /Users/kokucy/Documents/Titanium_Studio_Workspace/template/build/android/res/drawable-long-port-ldpi/background.png
[DEBUG] found drawable-notlong-land-hdpi splash screen at /Users/kokucy/Documents/Titanium_Studio_Workspace/template/Resources/android/images/res-notlong-land-hdpi/default.png
[DEBUG] copying /Users/kokucy/Documents/Titanium_Studio_Workspace/template/Resources/android/images/res-notlong-land-hdpi/default.png splash screen to /Users/kokucy/Documents/Titanium_Studio_Workspace/template/build/android/res/drawable-notlong-land-hdpi/background.png
[DEBUG] found drawable-notlong-land-ldpi splash screen at /Users/kokucy/Documents/Titanium_Studio_Workspace/template/Resources/android/images/res-notlong-land-ldpi/default.png
[DEBUG] copying /Users/kokucy/Documents/Titanium_Studio_Workspace/template/Resources/android/images/res-notlong-land-ldpi/default.png splash screen to /Users/kokucy/Documents/Titanium_Studio_Workspace/template/build/android/res/drawable-notlong-land-ldpi/background.png
[DEBUG] found drawable-notlong-land-mdpi splash screen at /Users/kokucy/Documents/Titanium_Studio_Workspace/template/Resources/android/images/res-notlong-land-mdpi/default.png
[DEBUG] copying /Users/kokucy/Documents/Titanium_Studio_Workspace/template/Resources/android/images/res-notlong-land-mdpi/default.png splash screen to /Users/kokucy/Documents/Titanium_Studio_Workspace/template/build/android/res/drawable-notlong-land-mdpi/background.png
[DEBUG] found drawable-notlong-port-hdpi splash screen at /Users/kokucy/Documents/Titanium_Studio_Workspace/template/Resources/android/images/res-notlong-port-hdpi/default.png
[DEBUG] copying /Users/kokucy/Documents/Titanium_Studio_Workspace/template/Resources/android/images/res-notlong-port-hdpi/default.png splash screen to /Users/kokucy/Documents/Titanium_Studio_Workspace/template/build/android/res/drawable-notlong-port-hdpi/background.png
[DEBUG] found drawable-notlong-port-ldpi splash screen at /Users/kokucy/Documents/Titanium_Studio_Workspace/template/Resources/android/images/res-notlong-port-ldpi/default.png
[DEBUG] copying /Users/kokucy/Documents/Titanium_Studio_Workspace/template/Resources/android/images/res-notlong-port-ldpi/default.png splash screen to /Users/kokucy/Documents/Titanium_Studio_Workspace/template/build/android/res/drawable-notlong-port-ldpi/background.png
[DEBUG] found drawable-notlong-port-mdpi splash screen at /Users/kokucy/Documents/Titanium_Studio_Workspace/template/Resources/android/images/res-notlong-port-mdpi/default.png
[DEBUG] copying /Users/kokucy/Documents/Titanium_Studio_Workspace/template/Resources/android/images/res-notlong-port-mdpi/default.png splash screen to /Users/kokucy/Documents/Titanium_Studio_Workspace/template/build/android/res/drawable-notlong-port-mdpi/background.png
[DEBUG] found splash screen at /Users/kokucy/Documents/Titanium_Studio_Workspace/template/build/android/bin/assets/Resources/default.png
[TRACE] Writing out AndroidManifest.xml
[DEBUG] adding /Users/kokucy/Documents/Titanium_Studio_Workspace/template/build/android/gen/com/example/template/ApplicationStylesheet.java to javac build list
[DEBUG] adding /Users/kokucy/Documents/Titanium_Studio_Workspace/template/build/android/gen/com/example/template/R.java to javac build list
[DEBUG] adding /Users/kokucy/Documents/Titanium_Studio_Workspace/template/build/android/gen/com/example/template/TemplateActivity.java to javac build list
[DEBUG] adding /Users/kokucy/Documents/Titanium_Studio_Workspace/template/build/android/gen/com/example/template/TemplateAppInfo.java to javac build list
[DEBUG] adding /Users/kokucy/Documents/Titanium_Studio_Workspace/template/build/android/gen/com/example/template/TemplateApplication.java to javac build list
[DEBUG] Building Java Sources: "/Users/kokucy/Documents/Titanium_Studio_Workspace/template/build/android/gen/com/example/template/ApplicationStylesheet.java" "/Users/kokucy/Documents/Titanium_Studio_Workspace/template/build/android/gen/com/example/template/R.java" "/Users/kokucy/Documents/Titanium_Studio_Workspace/template/build/android/gen/com/example/template/TemplateActivity.java" "/Users/kokucy/Documents/Titanium_Studio_Workspace/template/build/android/gen/com/example/template/TemplateAppInfo.java" "/Users/kokucy/Documents/Titanium_Studio_Workspace/template/build/android/gen/com/example/template/TemplateApplication.java"
[INFO] Compiling Android Resources... This could take some time
[DEBUG] Android classes.dex built
[DEBUG] creating unsigned apk: /Users/kokucy/Documents/Titanium_Studio_Workspace/template/build/android/bin/app-unsigned.apk
[DEBUG] from resource zip => assets/Resources/myapp/images/photo01.jpg
[DEBUG] from resource zip => assets/Resources/myapp/images/photo02.jpg
[DEBUG] from resource zip => assets/Resources/myapp/images/photo03.jpg
[DEBUG] from resource zip => assets/Resources/myapp/ui/row1.js
[DEBUG] from resource zip => assets/Resources/myapp/ui/row2.js
[DEBUG] from resource zip => assets/Resources/myapp/ui/row3.js
[DEBUG] from resource zip => assets/Resources/myapp/ui/ui.js
[DEBUG] from resource zip => assets/Resources/KS_nav_ui.png
[DEBUG] from resource zip => assets/Resources/KS_nav_views.png
[DEBUG] from resource zip => assets/Resources/app.js
[DEBUG] from resource zip => assets/Resources/appicon.png
[DEBUG] from resource zip => assets/Resources/default.png
[DEBUG] from resource zip => assets/Resources/property.js
[DEBUG] from resource zip => assets/Resources/win1.js
[DEBUG] from resource zip => assets/Resources/win2.js
[DEBUG] from resource zip => assets/Resources/win3.js
[DEBUG] from resource zip => assets/app.json
[DEBUG] from resource zip => assets/index.json
[DEBUG] from resource zip => res/drawable/appicon.png
[DEBUG] from resource zip => res/drawable/background.png
[DEBUG] from resource zip => res/drawable/btn_check_buttonless_on_64.png
[DEBUG] from resource zip => res/drawable/btn_more_64.png
[DEBUG] from resource zip => res/drawable/disclosure_64.png
[DEBUG] from resource zip => res/layout/titanium_tabgroup.xml
[DEBUG] from resource zip => res/layout/titanium_ui_list_header_or_footer.xml
[DEBUG] from resource zip => res/layout/titanium_ui_list_item.xml
[DEBUG] from resource zip => AndroidManifest.xml
[DEBUG] from resource zip => resources.arsc
[DEBUG] from resource zip => res/drawable-long-land-hdpi/background.png
[DEBUG] from resource zip => res/drawable-long-land-ldpi/background.png
[DEBUG] from resource zip => res/drawable-long-port-hdpi/background.png
[DEBUG] from resource zip => res/drawable-long-port-ldpi/background.png
[DEBUG] from resource zip => res/drawable-notlong-land-hdpi/background.png
[DEBUG] from resource zip => res/drawable-notlong-land-ldpi/background.png
[DEBUG] from resource zip => res/drawable-notlong-land-mdpi/background.png
[DEBUG] from resource zip => res/drawable-notlong-port-hdpi/background.png
[DEBUG] from resource zip => res/drawable-notlong-port-ldpi/background.png
[DEBUG] from resource zip => res/drawable-notlong-port-mdpi/background.png
[DEBUG] from JAR /Users/kokucy/Library/Application Support/Titanium/mobilesdk/osx/3.1.2.GA/android/modules/titanium-ui.jar => ti/modules/titanium/ui/widget/webview/binding.js
[DEBUG] from JAR /Users/kokucy/Library/Application Support/Titanium/mobilesdk/osx/3.1.2.GA/android/modules/titanium-ui.jar => ti/modules/titanium/ui/widget/webview/binding.min.js
[DEBUG] from JAR /Users/kokucy/Library/Application Support/Titanium/mobilesdk/osx/3.1.2.GA/android/modules/titanium-ui.jar => ti/modules/titanium/ui/widget/webview/json2.js
[DEBUG] from JAR /Users/kokucy/Library/Application Support/Titanium/mobilesdk/osx/3.1.2.GA/android/modules/titanium-ui.jar => ti/modules/titanium/ui/widget/webview/polling.js
[DEBUG] from JAR /Users/kokucy/Library/Application Support/Titanium/mobilesdk/osx/3.1.2.GA/android/modules/titanium-ui.jar => ti/modules/titanium/ui/widget/webview/polling.min.js
[DEBUG] from JAR /Users/kokucy/Library/Application Support/Titanium/mobilesdk/osx/3.1.2.GA/android/titanium.jar => org/appcelerator/titanium/build.properties
[DEBUG] from JAR /Users/kokucy/Library/Application Support/Titanium/mobilesdk/osx/3.1.2.GA/android/titanium.jar => org/appcelerator/titanium/res/drawable/background.png
[DEBUG] from JAR /Users/kokucy/Library/Application Support/Titanium/mobilesdk/osx/3.1.2.GA/android/titanium.jar => org/appcelerator/titanium/res/drawable/btn_check_buttonless_on.png
[DEBUG] from JAR /Users/kokucy/Library/Application Support/Titanium/mobilesdk/osx/3.1.2.GA/android/titanium.jar => org/appcelerator/titanium/res/drawable/btn_check_buttonless_on_18.png
[DEBUG] from JAR /Users/kokucy/Library/Application Support/Titanium/mobilesdk/osx/3.1.2.GA/android/titanium.jar => org/appcelerator/titanium/res/drawable/btn_check_buttonless_on_48.png
[DEBUG] from JAR /Users/kokucy/Library/Application Support/Titanium/mobilesdk/osx/3.1.2.GA/android/titanium.jar => org/appcelerator/titanium/res/drawable/btn_check_buttonless_on_64.png
[DEBUG] from JAR /Users/kokucy/Library/Application Support/Titanium/mobilesdk/osx/3.1.2.GA/android/titanium.jar => org/appcelerator/titanium/res/drawable/btn_more.png
[DEBUG] from JAR /Users/kokucy/Library/Application Support/Titanium/mobilesdk/osx/3.1.2.GA/android/titanium.jar => org/appcelerator/titanium/res/drawable/btn_more_18.png
[DEBUG] from JAR /Users/kokucy/Library/Application Support/Titanium/mobilesdk/osx/3.1.2.GA/android/titanium.jar => org/appcelerator/titanium/res/drawable/btn_more_48.png
[DEBUG] from JAR /Users/kokucy/Library/Application Support/Titanium/mobilesdk/osx/3.1.2.GA/android/titanium.jar => org/appcelerator/titanium/res/drawable/btn_more_64.png
[DEBUG] from JAR /Users/kokucy/Library/Application Support/Titanium/mobilesdk/osx/3.1.2.GA/android/titanium.jar => org/appcelerator/titanium/res/drawable/btn_picker_normal.9.png
[DEBUG] from JAR /Users/kokucy/Library/Application Support/Titanium/mobilesdk/osx/3.1.2.GA/android/titanium.jar => org/appcelerator/titanium/res/drawable/btn_picker_pressed.9.png
[DEBUG] from JAR /Users/kokucy/Library/Application Support/Titanium/mobilesdk/osx/3.1.2.GA/android/titanium.jar => org/appcelerator/titanium/res/drawable/btn_picker_selected.9.png
[DEBUG] from JAR /Users/kokucy/Library/Application Support/Titanium/mobilesdk/osx/3.1.2.GA/android/titanium.jar => org/appcelerator/titanium/res/drawable/default_icon.png
[DEBUG] from JAR /Users/kokucy/Library/Application Support/Titanium/mobilesdk/osx/3.1.2.GA/android/titanium.jar => org/appcelerator/titanium/res/drawable/photoDefault.png
[DEBUG] installing native SDK libs
[DEBUG] Waiting for device to be ready ...
[TRACE] adb devices returned 1 devices/emulators
[DEBUG] Device connected... (waited 0 seconds)
[DEBUG] waited 0.020390 seconds on emulator to get ready
[INFO] Installing application on emulator
[INFO] Launching application ... template
[TRACE] Launch output: Starting: Intent { act=android.intent.action.MAIN cat=[android.intent.category.LAUNCHER] flg=0x10200000 cmp=com.example.template/.TemplateActivity }

[INFO] Deployed template ... Application should be running.
